# JRE version: Java(TM) SE Runtime Environment (8.0_121-b13) (build 1.8.0_121-b13)
# Java VM: Java HotSpot(TM) 64-Bit Server VM (25.121-b13 mixed mode windows-amd64 compressed oops)
Heap:
 PSYoungGen      total 325120K, used 265281K [0x00000000eab00000, 0x0000000100000000, 0x0000000100000000)
  eden space 300032K, 84% used [0x00000000eab00000,0x00000000fa1d4c38,0x00000000fd000000)
  from space 25088K, 49% used [0x00000000fe780000,0x00000000ff3bb998,0x0000000100000000)
  to   space 24064K, 0% used [0x00000000fd000000,0x00000000fd000000,0x00000000fe780000)
 ParOldGen       total 99328K, used 48881K [0x00000000c0000000, 0x00000000c6100000, 0x00000000eab00000)
  object space 99328K, 49% used [0x00000000c0000000,0x00000000c2fbc490,0x00000000c6100000)
 Metaspace       used 69795K, capacity 73846K, committed 74008K, reserved 1112064K
  class space    used 9422K, capacity 10424K, committed 10520K, reserved 1048576K
GC Heap History (10 events):
Event: 44.539 GC heap before
{Heap before GC invocations=13 (full 2):
 PSYoungGen      total 265728K, used 142872K [0x00000000eab00000, 0x00000000fca00000, 0x0000000100000000)
  eden space 248832K, 50% used [0x00000000eab00000,0x00000000f2606608,0x00000000f9e00000)
  from space 16896K, 99% used [0x00000000fb500000,0x00000000fc57fbb8,0x00000000fc580000)
  to   space 22528K, 0% used [0x00000000f9e00000,0x00000000f9e00000,0x00000000fb400000)
 ParOldGen       total 50688K, used 30261K [0x00000000c0000000, 0x00000000c3180000, 0x00000000eab00000)
  object space 50688K, 59% used [0x00000000c0000000,0x00000000c1d8d400,0x00000000c3180000)
 Metaspace       used 56792K, capacity 59080K, committed 59160K, reserved 1099776K
  class space    used 7999K, capacity 8670K, committed 8728K, reserved 1048576K
Event: 44.728 GC heap after
Heap after GC invocations=13 (full 2):
 PSYoungGen      total 271360K, used 15829K [0x00000000eab00000, 0x0000000100000000, 0x0000000100000000)
  eden space 248832K, 0% used [0x00000000eab00000,0x00000000eab00000,0x00000000f9e00000)
  from space 22528K, 70% used [0x00000000f9e00000,0x00000000fad754b8,0x00000000fb400000)
  to   space 23552K, 0% used [0x00000000fe900000,0x00000000fe900000,0x0000000100000000)
 ParOldGen       total 50688K, used 47103K [0x00000000c0000000, 0x00000000c3180000, 0x00000000eab00000)
  object space 50688K, 92% used [0x00000000c0000000,0x00000000c2dffec0,0x00000000c3180000)
 Metaspace       used 56792K, capacity 59080K, committed 59160K, reserved 1099776K
  class space    used 7999K, capacity 8670K, committed 8728K, reserved 1048576K
}
Event: 44.728 GC heap before
{Heap before GC invocations=14 (full 3):
 PSYoungGen      total 271360K, used 15829K [0x00000000eab00000, 0x0000000100000000, 0x0000000100000000)
  eden space 248832K, 0% used [0x00000000eab00000,0x00000000eab00000,0x00000000f9e00000)
  from space 22528K, 70% used [0x00000000f9e00000,0x00000000fad754b8,0x00000000fb400000)
  to   space 23552K, 0% used [0x00000000fe900000,0x00000000fe900000,0x0000000100000000)
 ParOldGen       total 50688K, used 47103K [0x00000000c0000000, 0x00000000c3180000, 0x00000000eab00000)
  object space 50688K, 92% used [0x00000000c0000000,0x00000000c2dffec0,0x00000000c3180000)
 Metaspace       used 56792K, capacity 59080K, committed 59160K, reserved 1099776K
  class space    used 7999K, capacity 8670K, committed 8728K, reserved 1048576K
Event: 45.343 GC heap after
Heap after GC invocations=14 (full 3):
 PSYoungGen      total 271360K, used 0K [0x00000000eab00000, 0x0000000100000000, 0x0000000100000000)
  eden space 248832K, 0% used [0x00000000eab00000,0x00000000eab00000,0x00000000f9e00000)
  from space 22528K, 0% used [0x00000000f9e00000,0x00000000f9e00000,0x00000000fb400000)
  to   space 23552K, 0% used [0x00000000fe900000,0x00000000fe900000,0x0000000100000000)
 ParOldGen       total 99328K, used 48857K [0x00000000c0000000, 0x00000000c6100000, 0x00000000eab00000)
  object space 99328K, 49% used [0x00000000c0000000,0x00000000c2fb6490,0x00000000c6100000)
 Metaspace       used 56792K, capacity 59080K, committed 59160K, reserved 1099776K
  class space    used 7999K, capacity 8670K, committed 8728K, reserved 1048576K
}
Event: 83.657 GC heap before
{Heap before GC invocations=15 (full 3):
 PSYoungGen      total 271360K, used 248832K [0x00000000eab00000, 0x0000000100000000, 0x0000000100000000)
  eden space 248832K, 100% used [0x00000000eab00000,0x00000000f9e00000,0x00000000f9e00000)
  from space 22528K, 0% used [0x00000000f9e00000,0x00000000f9e00000,0x00000000fb400000)
  to   space 23552K, 0% used [0x00000000fe900000,0x00000000fe900000,0x0000000100000000)
 ParOldGen       total 99328K, used 48857K [0x00000000c0000000, 0x00000000c6100000, 0x00000000eab00000)
  object space 99328K, 49% used [0x00000000c0000000,0x00000000c2fb6490,0x00000000c6100000)
 Metaspace       used 64841K, capacity 67688K, committed 67736K, reserved 1107968K
  class space    used 8853K, capacity 9599K, committed 9624K, reserved 1048576K
Event: 83.694 GC heap after
Heap after GC invocations=15 (full 3):
 PSYoungGen      total 323584K, used 16839K [0x00000000eab00000, 0x0000000100000000, 0x0000000100000000)
  eden space 300032K, 0% used [0x00000000eab00000,0x00000000eab00000,0x00000000fd000000)
  from space 23552K, 71% used [0x00000000fe900000,0x00000000ff971c08,0x0000000100000000)
  to   space 24576K, 0% used [0x00000000fd000000,0x00000000fd000000,0x00000000fe800000)
 ParOldGen       total 99328K, used 48865K [0x00000000c0000000, 0x00000000c6100000, 0x00000000eab00000)
  object space 99328K, 49% used [0x00000000c0000000,0x00000000c2fb8490,0x00000000c6100000)
 Metaspace       used 64841K, capacity 67688K, committed 67736K, reserved 1107968K
  class space    used 8853K, capacity 9599K, committed 9624K, reserved 1048576K
}
Event: 1723.141 GC heap before
{Heap before GC invocations=16 (full 3):
 PSYoungGen      total 323584K, used 316846K [0x00000000eab00000, 0x0000000100000000, 0x0000000100000000)
  eden space 300032K, 99% used [0x00000000eab00000,0x00000000fcff9e08,0x00000000fd000000)
  from space 23552K, 71% used [0x00000000fe900000,0x00000000ff971c08,0x0000000100000000)
  to   space 24576K, 0% used [0x00000000fd000000,0x00000000fd000000,0x00000000fe800000)
 ParOldGen       total 99328K, used 48865K [0x00000000c0000000, 0x00000000c6100000, 0x00000000eab00000)
  object space 99328K, 49% used [0x00000000c0000000,0x00000000c2fb8490,0x00000000c6100000)
 Metaspace       used 65958K, capacity 69230K, committed 69528K, reserved 1110016K
  class space    used 8937K, capacity 9786K, committed 9880K, reserved 1048576K
Event: 1724.193 GC heap after
Heap after GC invocations=16 (full 3):
 PSYoungGen      total 315904K, used 15615K [0x00000000eab00000, 0x0000000100000000, 0x0000000100000000)
  eden space 300032K, 0% used [0x00000000eab00000,0x00000000eab00000,0x00000000fd000000)
  from space 15872K, 98% used [0x00000000fd000000,0x00000000fdf3fc80,0x00000000fdf80000)
  to   space 25088K, 0% used [0x00000000fe780000,0x00000000fe780000,0x0000000100000000)
 ParOldGen       total 99328K, used 48873K [0x00000000c0000000, 0x00000000c6100000, 0x00000000eab00000)
  object space 99328K, 49% used [0x00000000c0000000,0x00000000c2fba490,0x00000000c6100000)
 Metaspace       used 65958K, capacity 69230K, committed 69528K, reserved 1110016K
  class space    used 8937K, capacity 9786K, committed 9880K, reserved 1048576K
}
Event: 2848.387 GC heap before
{Heap before GC invocations=17 (full 3):
 PSYoungGen      total 315904K, used 315647K [0x00000000eab00000, 0x0000000100000000, 0x0000000100000000)
  eden space 300032K, 100% used [0x00000000eab00000,0x00000000fd000000,0x00000000fd000000)
  from space 15872K, 98% used [0x00000000fd000000,0x00000000fdf3fc80,0x00000000fdf80000)
  to   space 25088K, 0% used [0x00000000fe780000,0x00000000fe780000,0x0000000100000000)
 ParOldGen       total 99328K, used 48873K [0x00000000c0000000, 0x00000000c6100000, 0x00000000eab00000)
  object space 99328K, 49% used [0x00000000c0000000,0x00000000c2fba490,0x00000000c6100000)
 Metaspace       used 66896K, capacity 70764K, committed 70936K, reserved 1110016K
  class space    used 9031K, capacity 9989K, committed 10008K, reserved 1048576K
Event: 2848.957 GC heap after
Heap after GC invocations=17 (full 3):
 PSYoungGen      total 325120K, used 12526K [0x00000000eab00000, 0x0000000100000000, 0x0000000100000000)
  eden space 300032K, 0% used [0x00000000eab00000,0x00000000eab00000,0x00000000fd000000)
  from space 25088K, 49% used [0x00000000fe780000,0x00000000ff3bb998,0x0000000100000000)
  to   space 24064K, 0% used [0x00000000fd000000,0x00000000fd000000,0x00000000fe780000)
 ParOldGen       total 99328K, used 48881K [0x00000000c0000000, 0x00000000c6100000, 0x00000000eab00000)
  object space 99328K, 49% used [0x00000000c0000000,0x00000000c2fbc490,0x00000000c6100000)
 Metaspace       used 66896K, capacity 70764K, committed 70936K, reserved 1110016K
  class space    used 9031K, capacity 9989K, committed 10008K, reserved 1048576K
}

