# JRE version: Java(TM) SE Runtime Environment (8.0_121-b13) (build 1.8.0_121-b13)
# Java VM: Java HotSpot(TM) 64-Bit Server VM (25.121-b13 mixed mode windows-amd64 compressed oops)
Heap:
 PSYoungGen      total 297984K, used 277837K [0x00000000eab00000, 0x0000000100000000, 0x0000000100000000)
  eden space 272384K, 92% used [0x00000000eab00000,0x00000000fa19e498,0x00000000fb500000)
  from space 25600K, 98% used [0x00000000fb500000,0x00000000fcdb51b0,0x00000000fce00000)
  to   space 40448K, 0% used [0x00000000fd880000,0x00000000fd880000,0x0000000100000000)
 ParOldGen       total 107520K, used 49640K [0x00000000c0000000, 0x00000000c6900000, 0x00000000eab00000)
  object space 107520K, 46% used [0x00000000c0000000,0x00000000c307a098,0x00000000c6900000)
 Metaspace       used 72344K, capacity 76426K, committed 76632K, reserved 1116160K
  class space    used 9487K, capacity 10257K, committed 10368K, reserved 1048576K
GC Heap History (10 events):
Event: 2189.571 GC heap before
{Heap before GC invocations=24 (full 4):
 PSYoungGen      total 311808K, used 173677K [0x00000000eab00000, 0x0000000100000000, 0x0000000100000000)
  eden space 285184K, 51% used [0x00000000eab00000,0x00000000f3af8098,0x00000000fc180000)
  from space 26624K, 98% used [0x00000000fc180000,0x00000000fdb23598,0x00000000fdb80000)
  to   space 35328K, 0% used [0x00000000fdd80000,0x00000000fdd80000,0x0000000100000000)
 ParOldGen       total 107520K, used 75896K [0x00000000c0000000, 0x00000000c6900000, 0x00000000eab00000)
  object space 107520K, 70% used [0x00000000c0000000,0x00000000c4a1e288,0x00000000c6900000)
 Metaspace       used 64978K, capacity 68766K, committed 68824K, reserved 1107968K
  class space    used 8728K, capacity 9461K, committed 9472K, reserved 1048576K
Event: 2189.589 GC heap after
Heap after GC invocations=24 (full 4):
 PSYoungGen      total 314880K, used 4864K [0x00000000eab00000, 0x0000000100000000, 0x0000000100000000)
  eden space 279552K, 0% used [0x00000000eab00000,0x00000000eab00000,0x00000000fbc00000)
  from space 35328K, 13% used [0x00000000fdd80000,0x00000000fe240000,0x0000000100000000)
  to   space 34304K, 0% used [0x00000000fbc00000,0x00000000fbc00000,0x00000000fdd80000)
 ParOldGen       total 107520K, used 76468K [0x00000000c0000000, 0x00000000c6900000, 0x00000000eab00000)
  object space 107520K, 71% used [0x00000000c0000000,0x00000000c4aad100,0x00000000c6900000)
 Metaspace       used 64978K, capacity 68766K, committed 68824K, reserved 1107968K
  class space    used 8728K, capacity 9461K, committed 9472K, reserved 1048576K
}
Event: 2189.589 GC heap before
{Heap before GC invocations=25 (full 5):
 PSYoungGen      total 314880K, used 4864K [0x00000000eab00000, 0x0000000100000000, 0x0000000100000000)
  eden space 279552K, 0% used [0x00000000eab00000,0x00000000eab00000,0x00000000fbc00000)
  from space 35328K, 13% used [0x00000000fdd80000,0x00000000fe240000,0x0000000100000000)
  to   space 34304K, 0% used [0x00000000fbc00000,0x00000000fbc00000,0x00000000fdd80000)
 ParOldGen       total 107520K, used 76468K [0x00000000c0000000, 0x00000000c6900000, 0x00000000eab00000)
  object space 107520K, 71% used [0x00000000c0000000,0x00000000c4aad100,0x00000000c6900000)
 Metaspace       used 64978K, capacity 68766K, committed 68824K, reserved 1107968K
  class space    used 8728K, capacity 9461K, committed 9472K, reserved 1048576K
Event: 2190.508 GC heap after
Heap after GC invocations=25 (full 5):
 PSYoungGen      total 314880K, used 0K [0x00000000eab00000, 0x0000000100000000, 0x0000000100000000)
  eden space 279552K, 0% used [0x00000000eab00000,0x00000000eab00000,0x00000000fbc00000)
  from space 35328K, 0% used [0x00000000fdd80000,0x00000000fdd80000,0x0000000100000000)
  to   space 34304K, 0% used [0x00000000fbc00000,0x00000000fbc00000,0x00000000fdd80000)
 ParOldGen       total 107520K, used 44214K [0x00000000c0000000, 0x00000000c6900000, 0x00000000eab00000)
  object space 107520K, 41% used [0x00000000c0000000,0x00000000c2b2dbc0,0x00000000c6900000)
 Metaspace       used 64780K, capacity 68452K, committed 68824K, reserved 1107968K
  class space    used 8697K, capacity 9404K, committed 9472K, reserved 1048576K
}
Event: 2212.213 GC heap before
{Heap before GC invocations=26 (full 5):
 PSYoungGen      total 314880K, used 279552K [0x00000000eab00000, 0x0000000100000000, 0x0000000100000000)
  eden space 279552K, 100% used [0x00000000eab00000,0x00000000fbc00000,0x00000000fbc00000)
  from space 35328K, 0% used [0x00000000fdd80000,0x00000000fdd80000,0x0000000100000000)
  to   space 34304K, 0% used [0x00000000fbc00000,0x00000000fbc00000,0x00000000fdd80000)
 ParOldGen       total 107520K, used 44214K [0x00000000c0000000, 0x00000000c6900000, 0x00000000eab00000)
  object space 107520K, 41% used [0x00000000c0000000,0x00000000c2b2dbc0,0x00000000c6900000)
 Metaspace       used 65585K, capacity 69430K, committed 69720K, reserved 1110016K
  class space    used 8764K, capacity 9487K, committed 9600K, reserved 1048576K
Event: 2212.237 GC heap after
Heap after GC invocations=26 (full 5):
 PSYoungGen      total 290304K, used 10430K [0x00000000eab00000, 0x00000000ffb00000, 0x0000000100000000)
  eden space 279552K, 0% used [0x00000000eab00000,0x00000000eab00000,0x00000000fbc00000)
  from space 10752K, 97% used [0x00000000fbc00000,0x00000000fc62fa08,0x00000000fc680000)
  to   space 32256K, 0% used [0x00000000fdb80000,0x00000000fdb80000,0x00000000ffb00000)
 ParOldGen       total 107520K, used 44222K [0x00000000c0000000, 0x00000000c6900000, 0x00000000eab00000)
  object space 107520K, 41% used [0x00000000c0000000,0x00000000c2b2fbc0,0x00000000c6900000)
 Metaspace       used 65585K, capacity 69430K, committed 69720K, reserved 1110016K
  class space    used 8764K, capacity 9487K, committed 9600K, reserved 1048576K
}
Event: 2247.962 GC heap before
{Heap before GC invocations=27 (full 5):
 PSYoungGen      total 290304K, used 289982K [0x00000000eab00000, 0x00000000ffb00000, 0x0000000100000000)
  eden space 279552K, 100% used [0x00000000eab00000,0x00000000fbc00000,0x00000000fbc00000)
  from space 10752K, 97% used [0x00000000fbc00000,0x00000000fc62fa08,0x00000000fc680000)
  to   space 32256K, 0% used [0x00000000fdb80000,0x00000000fdb80000,0x00000000ffb00000)
 ParOldGen       total 107520K, used 44222K [0x00000000c0000000, 0x00000000c6900000, 0x00000000eab00000)
  object space 107520K, 41% used [0x00000000c0000000,0x00000000c2b2fbc0,0x00000000c6900000)
 Metaspace       used 65707K, capacity 69600K, committed 69720K, reserved 1110016K
  class space    used 8775K, capacity 9498K, committed 9600K, reserved 1048576K
Event: 2248.042 GC heap after
Heap after GC invocations=27 (full 5):
 PSYoungGen      total 304640K, used 32247K [0x00000000eab00000, 0x0000000100000000, 0x0000000100000000)
  eden space 272384K, 0% used [0x00000000eab00000,0x00000000eab00000,0x00000000fb500000)
  from space 32256K, 99% used [0x00000000fdb80000,0x00000000ffafde40,0x00000000ffb00000)
  to   space 38400K, 0% used [0x00000000fb500000,0x00000000fb500000,0x00000000fda80000)
 ParOldGen       total 107520K, used 45480K [0x00000000c0000000, 0x00000000c6900000, 0x00000000eab00000)
  object space 107520K, 42% used [0x00000000c0000000,0x00000000c2c6a198,0x00000000c6900000)
 Metaspace       used 65707K, capacity 69600K, committed 69720K, reserved 1110016K
  class space    used 8775K, capacity 9498K, committed 9600K, reserved 1048576K
}
Event: 2259.508 GC heap before
{Heap before GC invocations=28 (full 5):
 PSYoungGen      total 304640K, used 304631K [0x00000000eab00000, 0x0000000100000000, 0x0000000100000000)
  eden space 272384K, 100% used [0x00000000eab00000,0x00000000fb500000,0x00000000fb500000)
  from space 32256K, 99% used [0x00000000fdb80000,0x00000000ffafde40,0x00000000ffb00000)
  to   space 38400K, 0% used [0x00000000fb500000,0x00000000fb500000,0x00000000fda80000)
 ParOldGen       total 107520K, used 45480K [0x00000000c0000000, 0x00000000c6900000, 0x00000000eab00000)
  object space 107520K, 42% used [0x00000000c0000000,0x00000000c2c6a198,0x00000000c6900000)
 Metaspace       used 70825K, capacity 74736K, committed 74968K, reserved 1114112K
  class space    used 9390K, capacity 10114K, committed 10240K, reserved 1048576K
Event: 2259.603 GC heap after
Heap after GC invocations=28 (full 5):
 PSYoungGen      total 297984K, used 25300K [0x00000000eab00000, 0x0000000100000000, 0x0000000100000000)
  eden space 272384K, 0% used [0x00000000eab00000,0x00000000eab00000,0x00000000fb500000)
  from space 25600K, 98% used [0x00000000fb500000,0x00000000fcdb51b0,0x00000000fce00000)
  to   space 40448K, 0% used [0x00000000fd880000,0x00000000fd880000,0x0000000100000000)
 ParOldGen       total 107520K, used 49640K [0x00000000c0000000, 0x00000000c6900000, 0x00000000eab00000)
  object space 107520K, 46% used [0x00000000c0000000,0x00000000c307a098,0x00000000c6900000)
 Metaspace       used 70825K, capacity 74736K, committed 74968K, reserved 1114112K
  class space    used 9390K, capacity 10114K, committed 10240K, reserved 1048576K
}

