# JRE version: Java(TM) SE Runtime Environment (8.0_121-b13) (build 1.8.0_121-b13)
# Java VM: Java HotSpot(TM) 64-Bit Server VM (25.121-b13 mixed mode windows-amd64 compressed oops)
Heap:
 PSYoungGen      total 321024K, used 27208K [0x00000000eab00000, 0x00000000ffd80000, 0x0000000100000000)
  eden space 298496K, 6% used [0x00000000eab00000,0x00000000ebc88e60,0x00000000fce80000)
  from space 22528K, 41% used [0x00000000fe780000,0x00000000ff089530,0x00000000ffd80000)
  to   space 24064K, 0% used [0x00000000fce80000,0x00000000fce80000,0x00000000fe600000)
 ParOldGen       total 100352K, used 51604K [0x00000000c0000000, 0x00000000c6200000, 0x00000000eab00000)
  object space 100352K, 51% used [0x00000000c0000000,0x00000000c3265338,0x00000000c6200000)
 Metaspace       used 58884K, capacity 61868K, committed 62168K, reserved 1101824K
  class space    used 8181K, capacity 8851K, committed 8960K, reserved 1048576K
GC Heap History (10 events):
Event: 28.904 GC heap before
{Heap before GC invocations=11 (full 2):
 PSYoungGen      total 211456K, used 210994K [0x00000000eab00000, 0x00000000f8f80000, 0x0000000100000000)
  eden space 198656K, 100% used [0x00000000eab00000,0x00000000f6d00000,0x00000000f6d00000)
  from space 12800K, 96% used [0x00000000f8300000,0x00000000f8f0cad8,0x00000000f8f80000)
  to   space 15360K, 0% used [0x00000000f7180000,0x00000000f7180000,0x00000000f8080000)
 ParOldGen       total 51712K, used 18346K [0x00000000c0000000, 0x00000000c3280000, 0x00000000eab00000)
  object space 51712K, 35% used [0x00000000c0000000,0x00000000c11eaa68,0x00000000c3280000)
 Metaspace       used 43773K, capacity 44778K, committed 44888K, reserved 1087488K
  class space    used 6005K, capacity 6238K, committed 6272K, reserved 1048576K
Event: 28.928 GC heap after
Heap after GC invocations=11 (full 2):
 PSYoungGen      total 218624K, used 15352K [0x00000000eab00000, 0x00000000fd200000, 0x0000000100000000)
  eden space 203264K, 0% used [0x00000000eab00000,0x00000000eab00000,0x00000000f7180000)
  from space 15360K, 99% used [0x00000000f7180000,0x00000000f807e290,0x00000000f8080000)
  to   space 18432K, 0% used [0x00000000fc000000,0x00000000fc000000,0x00000000fd200000)
 ParOldGen       total 51712K, used 19803K [0x00000000c0000000, 0x00000000c3280000, 0x00000000eab00000)
  object space 51712K, 38% used [0x00000000c0000000,0x00000000c1356df8,0x00000000c3280000)
 Metaspace       used 43773K, capacity 44778K, committed 44888K, reserved 1087488K
  class space    used 6005K, capacity 6238K, committed 6272K, reserved 1048576K
}
Event: 32.741 GC heap before
{Heap before GC invocations=12 (full 2):
 PSYoungGen      total 218624K, used 218616K [0x00000000eab00000, 0x00000000fd200000, 0x0000000100000000)
  eden space 203264K, 100% used [0x00000000eab00000,0x00000000f7180000,0x00000000f7180000)
  from space 15360K, 99% used [0x00000000f7180000,0x00000000f807e290,0x00000000f8080000)
  to   space 18432K, 0% used [0x00000000fc000000,0x00000000fc000000,0x00000000fd200000)
 ParOldGen       total 51712K, used 19803K [0x00000000c0000000, 0x00000000c3280000, 0x00000000eab00000)
  object space 51712K, 38% used [0x00000000c0000000,0x00000000c1356df8,0x00000000c3280000)
 Metaspace       used 50446K, capacity 52062K, committed 52312K, reserved 1093632K
  class space    used 7065K, capacity 7476K, committed 7552K, reserved 1048576K
Event: 32.846 GC heap after
Heap after GC invocations=12 (full 2):
 PSYoungGen      total 276480K, used 18423K [0x00000000eab00000, 0x00000000fe500000, 0x0000000100000000)
  eden space 258048K, 0% used [0x00000000eab00000,0x00000000eab00000,0x00000000fa700000)
  from space 18432K, 99% used [0x00000000fc000000,0x00000000fd1fde90,0x00000000fd200000)
  to   space 25600K, 0% used [0x00000000fa700000,0x00000000fa700000,0x00000000fc000000)
 ParOldGen       total 51712K, used 32217K [0x00000000c0000000, 0x00000000c3280000, 0x00000000eab00000)
  object space 51712K, 62% used [0x00000000c0000000,0x00000000c1f76600,0x00000000c3280000)
 Metaspace       used 50446K, capacity 52062K, committed 52312K, reserved 1093632K
  class space    used 7065K, capacity 7476K, committed 7552K, reserved 1048576K
}
Event: 49.216 GC heap before
{Heap before GC invocations=13 (full 2):
 PSYoungGen      total 276480K, used 232533K [0x00000000eab00000, 0x00000000fe500000, 0x0000000100000000)
  eden space 258048K, 82% used [0x00000000eab00000,0x00000000f7c175e8,0x00000000fa700000)
  from space 18432K, 99% used [0x00000000fc000000,0x00000000fd1fde90,0x00000000fd200000)
  to   space 25600K, 0% used [0x00000000fa700000,0x00000000fa700000,0x00000000fc000000)
 ParOldGen       total 51712K, used 32217K [0x00000000c0000000, 0x00000000c3280000, 0x00000000eab00000)
  object space 51712K, 62% used [0x00000000c0000000,0x00000000c1f76600,0x00000000c3280000)
 Metaspace       used 56510K, capacity 58850K, committed 59028K, reserved 1099776K
  class space    used 7867K, capacity 8422K, committed 8448K, reserved 1048576K
Event: 49.271 GC heap after
Heap after GC invocations=13 (full 2):
 PSYoungGen      total 283648K, used 13178K [0x00000000eab00000, 0x0000000100000000, 0x0000000100000000)
  eden space 258048K, 0% used [0x00000000eab00000,0x00000000eab00000,0x00000000fa700000)
  from space 25600K, 51% used [0x00000000fa700000,0x00000000fb3dea98,0x00000000fc000000)
  to   space 25088K, 0% used [0x00000000fe780000,0x00000000fe780000,0x0000000100000000)
 ParOldGen       total 51712K, used 49969K [0x00000000c0000000, 0x00000000c3280000, 0x00000000eab00000)
  object space 51712K, 96% used [0x00000000c0000000,0x00000000c30cc6b0,0x00000000c3280000)
 Metaspace       used 56510K, capacity 58850K, committed 59028K, reserved 1099776K
  class space    used 7867K, capacity 8422K, committed 8448K, reserved 1048576K
}
Event: 49.271 GC heap before
{Heap before GC invocations=14 (full 3):
 PSYoungGen      total 283648K, used 13178K [0x00000000eab00000, 0x0000000100000000, 0x0000000100000000)
  eden space 258048K, 0% used [0x00000000eab00000,0x00000000eab00000,0x00000000fa700000)
  from space 25600K, 51% used [0x00000000fa700000,0x00000000fb3dea98,0x00000000fc000000)
  to   space 25088K, 0% used [0x00000000fe780000,0x00000000fe780000,0x0000000100000000)
 ParOldGen       total 51712K, used 49969K [0x00000000c0000000, 0x00000000c3280000, 0x00000000eab00000)
  object space 51712K, 96% used [0x00000000c0000000,0x00000000c30cc6b0,0x00000000c3280000)
 Metaspace       used 56510K, capacity 58850K, committed 59028K, reserved 1099776K
  class space    used 7867K, capacity 8422K, committed 8448K, reserved 1048576K
Event: 49.657 GC heap after
Heap after GC invocations=14 (full 3):
 PSYoungGen      total 283648K, used 0K [0x00000000eab00000, 0x0000000100000000, 0x0000000100000000)
  eden space 258048K, 0% used [0x00000000eab00000,0x00000000eab00000,0x00000000fa700000)
  from space 25600K, 0% used [0x00000000fa700000,0x00000000fa700000,0x00000000fc000000)
  to   space 25088K, 0% used [0x00000000fe780000,0x00000000fe780000,0x0000000100000000)
 ParOldGen       total 100352K, used 51596K [0x00000000c0000000, 0x00000000c6200000, 0x00000000eab00000)
  object space 100352K, 51% used [0x00000000c0000000,0x00000000c3263338,0x00000000c6200000)
 Metaspace       used 56510K, capacity 58850K, committed 59028K, reserved 1099776K
  class space    used 7867K, capacity 8422K, committed 8448K, reserved 1048576K
}
Event: 230.971 GC heap before
{Heap before GC invocations=15 (full 3):
 PSYoungGen      total 283648K, used 258048K [0x00000000eab00000, 0x0000000100000000, 0x0000000100000000)
  eden space 258048K, 100% used [0x00000000eab00000,0x00000000fa700000,0x00000000fa700000)
  from space 25600K, 0% used [0x00000000fa700000,0x00000000fa700000,0x00000000fc000000)
  to   space 25088K, 0% used [0x00000000fe780000,0x00000000fe780000,0x0000000100000000)
 ParOldGen       total 100352K, used 51596K [0x00000000c0000000, 0x00000000c6200000, 0x00000000eab00000)
  object space 100352K, 51% used [0x00000000c0000000,0x00000000c3263338,0x00000000c6200000)
 Metaspace       used 58811K, capacity 61712K, committed 61912K, reserved 1101824K
  class space    used 8179K, capacity 8847K, committed 8960K, reserved 1048576K
Event: 231.023 GC heap after
Heap after GC invocations=15 (full 3):
 PSYoungGen      total 321024K, used 9253K [0x00000000eab00000, 0x00000000ffd80000, 0x0000000100000000)
  eden space 298496K, 0% used [0x00000000eab00000,0x00000000eab00000,0x00000000fce80000)
  from space 22528K, 41% used [0x00000000fe780000,0x00000000ff089530,0x00000000ffd80000)
  to   space 24064K, 0% used [0x00000000fce80000,0x00000000fce80000,0x00000000fe600000)
 ParOldGen       total 100352K, used 51604K [0x00000000c0000000, 0x00000000c6200000, 0x00000000eab00000)
  object space 100352K, 51% used [0x00000000c0000000,0x00000000c3265338,0x00000000c6200000)
 Metaspace       used 58811K, capacity 61712K, committed 61912K, reserved 1101824K
  class space    used 8179K, capacity 8847K, committed 8960K, reserved 1048576K
}

