# JRE version: Java(TM) SE Runtime Environment (8.0_121-b13) (build 1.8.0_121-b13)
# Java VM: Java HotSpot(TM) 64-Bit Server VM (25.121-b13 mixed mode windows-amd64 compressed oops)
Heap:
 PSYoungGen      total 300544K, used 248963K [0x00000000eab00000, 0x0000000100000000, 0x0000000100000000)
  eden space 267264K, 93% used [0x00000000eab00000,0x00000000f9e20cb0,0x00000000fb000000)
  from space 33280K, 0% used [0x00000000fdf80000,0x00000000fdf80000,0x0000000100000000)
  to   space 40960K, 0% used [0x00000000fb000000,0x00000000fb000000,0x00000000fd800000)
 ParOldGen       total 174592K, used 104326K [0x00000000c0000000, 0x00000000caa80000, 0x00000000eab00000)
  object space 174592K, 59% used [0x00000000c0000000,0x00000000c65e1938,0x00000000caa80000)
 Metaspace       used 73558K, capacity 77480K, committed 80896K, reserved 1118208K
  class space    used 9687K, capacity 10402K, committed 11264K, reserved 1048576K
GC Heap History (10 events):
Event: 1603.330 GC heap before
{Heap before GC invocations=33 (full 8):
 PSYoungGen      total 294912K, used 7732K [0x00000000eab00000, 0x00000000ffc00000, 0x0000000100000000)
  eden space 286720K, 0% used [0x00000000eab00000,0x00000000eab00000,0x00000000fc300000)
  from space 8192K, 94% used [0x00000000fc300000,0x00000000fca8d008,0x00000000fcb00000)
  to   space 29184K, 0% used [0x00000000fdf80000,0x00000000fdf80000,0x00000000ffc00000)
 ParOldGen       total 110080K, used 74760K [0x00000000c0000000, 0x00000000c6b80000, 0x00000000eab00000)
  object space 110080K, 67% used [0x00000000c0000000,0x00000000c4902198,0x00000000c6b80000)
 Metaspace       used 76358K, capacity 80730K, committed 80896K, reserved 1118208K
  class space    used 10308K, capacity 11207K, committed 11264K, reserved 1048576K
Event: 1608.413 GC heap after
Heap after GC invocations=33 (full 8):
 PSYoungGen      total 294912K, used 0K [0x00000000eab00000, 0x00000000ffc00000, 0x0000000100000000)
  eden space 286720K, 0% used [0x00000000eab00000,0x00000000eab00000,0x00000000fc300000)
  from space 8192K, 0% used [0x00000000fc300000,0x00000000fc300000,0x00000000fcb00000)
  to   space 29184K, 0% used [0x00000000fdf80000,0x00000000fdf80000,0x00000000ffc00000)
 ParOldGen       total 110080K, used 56411K [0x00000000c0000000, 0x00000000c6b80000, 0x00000000eab00000)
  object space 110080K, 51% used [0x00000000c0000000,0x00000000c3716d88,0x00000000c6b80000)
 Metaspace       used 71931K, capacity 75580K, committed 80896K, reserved 1118208K
  class space    used 9469K, capacity 10156K, committed 11264K, reserved 1048576K
}
Event: 1707.457 GC heap before
{Heap before GC invocations=34 (full 8):
 PSYoungGen      total 294912K, used 286720K [0x00000000eab00000, 0x00000000ffc00000, 0x0000000100000000)
  eden space 286720K, 100% used [0x00000000eab00000,0x00000000fc300000,0x00000000fc300000)
  from space 8192K, 0% used [0x00000000fc300000,0x00000000fc300000,0x00000000fcb00000)
  to   space 29184K, 0% used [0x00000000fdf80000,0x00000000fdf80000,0x00000000ffc00000)
 ParOldGen       total 110080K, used 56411K [0x00000000c0000000, 0x00000000c6b80000, 0x00000000eab00000)
  object space 110080K, 51% used [0x00000000c0000000,0x00000000c3716d88,0x00000000c6b80000)
 Metaspace       used 72245K, capacity 76072K, committed 80896K, reserved 1118208K
  class space    used 9508K, capacity 10214K, committed 11264K, reserved 1048576K
Event: 1707.530 GC heap after
Heap after GC invocations=34 (full 8):
 PSYoungGen      total 315904K, used 4400K [0x00000000eab00000, 0x0000000100000000, 0x0000000100000000)
  eden space 286720K, 0% used [0x00000000eab00000,0x00000000eab00000,0x00000000fc300000)
  from space 29184K, 15% used [0x00000000fdf80000,0x00000000fe3cc010,0x00000000ffc00000)
  to   space 29184K, 0% used [0x00000000fc300000,0x00000000fc300000,0x00000000fdf80000)
 ParOldGen       total 110080K, used 56419K [0x00000000c0000000, 0x00000000c6b80000, 0x00000000eab00000)
  object space 110080K, 51% used [0x00000000c0000000,0x00000000c3718d88,0x00000000c6b80000)
 Metaspace       used 72245K, capacity 76072K, committed 80896K, reserved 1118208K
  class space    used 9508K, capacity 10214K, committed 11264K, reserved 1048576K
}
Event: 1739.264 GC heap before
{Heap before GC invocations=35 (full 8):
 PSYoungGen      total 315904K, used 291120K [0x00000000eab00000, 0x0000000100000000, 0x0000000100000000)
  eden space 286720K, 100% used [0x00000000eab00000,0x00000000fc300000,0x00000000fc300000)
  from space 29184K, 15% used [0x00000000fdf80000,0x00000000fe3cc010,0x00000000ffc00000)
  to   space 29184K, 0% used [0x00000000fc300000,0x00000000fc300000,0x00000000fdf80000)
 ParOldGen       total 110080K, used 56419K [0x00000000c0000000, 0x00000000c6b80000, 0x00000000eab00000)
  object space 110080K, 51% used [0x00000000c0000000,0x00000000c3718d88,0x00000000c6b80000)
 Metaspace       used 73413K, capacity 77352K, committed 80896K, reserved 1118208K
  class space    used 9672K, capacity 10402K, committed 11264K, reserved 1048576K
Event: 1739.542 GC heap after
Heap after GC invocations=35 (full 8):
 PSYoungGen      total 315904K, used 29152K [0x00000000eab00000, 0x0000000100000000, 0x0000000100000000)
  eden space 286720K, 0% used [0x00000000eab00000,0x00000000eab00000,0x00000000fc300000)
  from space 29184K, 99% used [0x00000000fc300000,0x00000000fdf780c0,0x00000000fdf80000)
  to   space 33280K, 0% used [0x00000000fdf80000,0x00000000fdf80000,0x0000000100000000)
 ParOldGen       total 110080K, used 76591K [0x00000000c0000000, 0x00000000c6b80000, 0x00000000eab00000)
  object space 110080K, 69% used [0x00000000c0000000,0x00000000c4acbfc8,0x00000000c6b80000)
 Metaspace       used 73413K, capacity 77352K, committed 80896K, reserved 1118208K
  class space    used 9672K, capacity 10402K, committed 11264K, reserved 1048576K
}
Event: 1740.820 GC heap before
{Heap before GC invocations=36 (full 8):
 PSYoungGen      total 315904K, used 315872K [0x00000000eab00000, 0x0000000100000000, 0x0000000100000000)
  eden space 286720K, 100% used [0x00000000eab00000,0x00000000fc300000,0x00000000fc300000)
  from space 29184K, 99% used [0x00000000fc300000,0x00000000fdf780c0,0x00000000fdf80000)
  to   space 33280K, 0% used [0x00000000fdf80000,0x00000000fdf80000,0x0000000100000000)
 ParOldGen       total 110080K, used 76591K [0x00000000c0000000, 0x00000000c6b80000, 0x00000000eab00000)
  object space 110080K, 69% used [0x00000000c0000000,0x00000000c4acbfc8,0x00000000c6b80000)
 Metaspace       used 73416K, capacity 77352K, committed 80896K, reserved 1118208K
  class space    used 9672K, capacity 10402K, committed 11264K, reserved 1048576K
Event: 1741.008 GC heap after
Heap after GC invocations=36 (full 8):
 PSYoungGen      total 300544K, used 4768K [0x00000000eab00000, 0x0000000100000000, 0x0000000100000000)
  eden space 267264K, 0% used [0x00000000eab00000,0x00000000eab00000,0x00000000fb000000)
  from space 33280K, 14% used [0x00000000fdf80000,0x00000000fe428000,0x0000000100000000)
  to   space 40960K, 0% used [0x00000000fb000000,0x00000000fb000000,0x00000000fd800000)
 ParOldGen       total 110080K, used 105289K [0x00000000c0000000, 0x00000000c6b80000, 0x00000000eab00000)
  object space 110080K, 95% used [0x00000000c0000000,0x00000000c66d2460,0x00000000c6b80000)
 Metaspace       used 73416K, capacity 77352K, committed 80896K, reserved 1118208K
  class space    used 9672K, capacity 10402K, committed 11264K, reserved 1048576K
}
Event: 1741.008 GC heap before
{Heap before GC invocations=37 (full 9):
 PSYoungGen      total 300544K, used 4768K [0x00000000eab00000, 0x0000000100000000, 0x0000000100000000)
  eden space 267264K, 0% used [0x00000000eab00000,0x00000000eab00000,0x00000000fb000000)
  from space 33280K, 14% used [0x00000000fdf80000,0x00000000fe428000,0x0000000100000000)
  to   space 40960K, 0% used [0x00000000fb000000,0x00000000fb000000,0x00000000fd800000)
 ParOldGen       total 110080K, used 105289K [0x00000000c0000000, 0x00000000c6b80000, 0x00000000eab00000)
  object space 110080K, 95% used [0x00000000c0000000,0x00000000c66d2460,0x00000000c6b80000)
 Metaspace       used 73416K, capacity 77352K, committed 80896K, reserved 1118208K
  class space    used 9672K, capacity 10402K, committed 11264K, reserved 1048576K
Event: 1743.554 GC heap after
Heap after GC invocations=37 (full 9):
 PSYoungGen      total 300544K, used 0K [0x00000000eab00000, 0x0000000100000000, 0x0000000100000000)
  eden space 267264K, 0% used [0x00000000eab00000,0x00000000eab00000,0x00000000fb000000)
  from space 33280K, 0% used [0x00000000fdf80000,0x00000000fdf80000,0x0000000100000000)
  to   space 40960K, 0% used [0x00000000fb000000,0x00000000fb000000,0x00000000fd800000)
 ParOldGen       total 174592K, used 104326K [0x00000000c0000000, 0x00000000caa80000, 0x00000000eab00000)
  object space 174592K, 59% used [0x00000000c0000000,0x00000000c65e1938,0x00000000caa80000)
 Metaspace       used 73416K, capacity 77352K, committed 80896K, reserved 1118208K
  class space    used 9672K, capacity 10402K, committed 11264K, reserved 1048576K
}

