# JRE version: Java(TM) SE Runtime Environment (8.0_121-b13) (build 1.8.0_121-b13)
# Java VM: Java HotSpot(TM) 64-Bit Server VM (25.121-b13 mixed mode windows-amd64 compressed oops)
Heap:
 PSYoungGen      total 348672K, used 114616K [0x000000076ab00000, 0x0000000789500000, 0x00000007c0000000)
  eden space 274944K, 14% used [0x000000076ab00000,0x000000076d2efd90,0x000000077b780000)
  from space 73728K, 99% used [0x000000077b780000,0x000000077ff7e468,0x000000077ff80000)
  to   space 88064K, 0% used [0x0000000783f00000,0x0000000783f00000,0x0000000789500000)
 ParOldGen       total 263168K, used 179212K [0x00000006c0000000, 0x00000006d0100000, 0x000000076ab00000)
  object space 263168K, 68% used [0x00000006c0000000,0x00000006caf033f8,0x00000006d0100000)
 Metaspace       used 6769K, capacity 7320K, committed 7680K, reserved 1056768K
  class space    used 646K, capacity 656K, committed 768K, reserved 1048576K
GC Heap History (10 events):
Event: 23.391 GC heap before
{Heap before GC invocations=13 (full 3):
 PSYoungGen      total 283136K, used 272003K [0x000000076ab00000, 0x0000000783600000, 0x00000007c0000000)
  eden space 241152K, 100% used [0x000000076ab00000,0x0000000779680000,0x0000000779680000)
  from space 41984K, 73% used [0x000000077c600000,0x000000077e420d78,0x000000077ef00000)
  to   space 48640K, 0% used [0x0000000779680000,0x0000000779680000,0x000000077c600000)
 ParOldGen       total 80384K, used 80055K [0x00000006c0000000, 0x00000006c4e80000, 0x000000076ab00000)
  object space 80384K, 99% used [0x00000006c0000000,0x00000006c4e2df20,0x00000006c4e80000)
 Metaspace       used 6747K, capacity 7320K, committed 7680K, reserved 1056768K
  class space    used 646K, capacity 656K, committed 768K, reserved 1048576K
Event: 25.058 GC heap after
Heap after GC invocations=13 (full 3):
 PSYoungGen      total 283136K, used 68765K [0x000000076ab00000, 0x0000000783600000, 0x00000007c0000000)
  eden space 241152K, 28% used [0x000000076ab00000,0x000000076ee27750,0x0000000779680000)
  from space 41984K, 0% used [0x000000077c600000,0x000000077c600000,0x000000077ef00000)
  to   space 48640K, 0% used [0x0000000779680000,0x0000000779680000,0x000000077c600000)
 ParOldGen       total 153600K, used 80298K [0x00000006c0000000, 0x00000006c9600000, 0x000000076ab00000)
  object space 153600K, 52% used [0x00000006c0000000,0x00000006c4e6aaa8,0x00000006c9600000)
 Metaspace       used 6747K, capacity 7320K, committed 7680K, reserved 1056768K
  class space    used 646K, capacity 656K, committed 768K, reserved 1048576K
}
Event: 27.818 GC heap before
{Heap before GC invocations=14 (full 3):
 PSYoungGen      total 283136K, used 241152K [0x000000076ab00000, 0x0000000783600000, 0x00000007c0000000)
  eden space 241152K, 100% used [0x000000076ab00000,0x0000000779680000,0x0000000779680000)
  from space 41984K, 0% used [0x000000077c600000,0x000000077c600000,0x000000077ef00000)
  to   space 48640K, 0% used [0x0000000779680000,0x0000000779680000,0x000000077c600000)
 ParOldGen       total 153600K, used 80298K [0x00000006c0000000, 0x00000006c9600000, 0x000000076ab00000)
  object space 153600K, 52% used [0x00000006c0000000,0x00000006c4e6aaa8,0x00000006c9600000)
 Metaspace       used 6752K, capacity 7320K, committed 7680K, reserved 1056768K
  class space    used 646K, capacity 656K, committed 768K, reserved 1048576K
Event: 28.042 GC heap after
Heap after GC invocations=14 (full 3):
 PSYoungGen      total 289792K, used 48613K [0x000000076ab00000, 0x0000000785880000, 0x00000007c0000000)
  eden space 241152K, 0% used [0x000000076ab00000,0x000000076ab00000,0x0000000779680000)
  from space 48640K, 99% used [0x0000000779680000,0x000000077c5f9590,0x000000077c600000)
  to   space 73728K, 0% used [0x0000000781080000,0x0000000781080000,0x0000000785880000)
 ParOldGen       total 153600K, used 126070K [0x00000006c0000000, 0x00000006c9600000, 0x000000076ab00000)
  object space 153600K, 82% used [0x00000006c0000000,0x00000006c7b1dbf0,0x00000006c9600000)
 Metaspace       used 6752K, capacity 7320K, committed 7680K, reserved 1056768K
  class space    used 646K, capacity 656K, committed 768K, reserved 1048576K
}
Event: 28.042 GC heap before
{Heap before GC invocations=15 (full 4):
 PSYoungGen      total 289792K, used 48613K [0x000000076ab00000, 0x0000000785880000, 0x00000007c0000000)
  eden space 241152K, 0% used [0x000000076ab00000,0x000000076ab00000,0x0000000779680000)
  from space 48640K, 99% used [0x0000000779680000,0x000000077c5f9590,0x000000077c600000)
  to   space 73728K, 0% used [0x0000000781080000,0x0000000781080000,0x0000000785880000)
 ParOldGen       total 153600K, used 126070K [0x00000006c0000000, 0x00000006c9600000, 0x000000076ab00000)
  object space 153600K, 82% used [0x00000006c0000000,0x00000006c7b1dbf0,0x00000006c9600000)
 Metaspace       used 6752K, capacity 7320K, committed 7680K, reserved 1056768K
  class space    used 646K, capacity 656K, committed 768K, reserved 1048576K
Event: 30.711 GC heap after
Heap after GC invocations=15 (full 4):
 PSYoungGen      total 289792K, used 20387K [0x000000076ab00000, 0x0000000785880000, 0x00000007c0000000)
  eden space 241152K, 0% used [0x000000076ab00000,0x000000076ab00000,0x0000000779680000)
  from space 48640K, 41% used [0x0000000779680000,0x000000077aa68c78,0x000000077c600000)
  to   space 73728K, 0% used [0x0000000781080000,0x0000000781080000,0x0000000785880000)
 ParOldGen       total 263168K, used 153564K [0x00000006c0000000, 0x00000006d0100000, 0x000000076ab00000)
  object space 263168K, 58% used [0x00000006c0000000,0x00000006c95f7290,0x00000006d0100000)
 Metaspace       used 6752K, capacity 7320K, committed 7680K, reserved 1056768K
  class space    used 646K, capacity 656K, committed 768K, reserved 1048576K
}
Event: 34.263 GC heap before
{Heap before GC invocations=16 (full 4):
 PSYoungGen      total 289792K, used 261539K [0x000000076ab00000, 0x0000000785880000, 0x00000007c0000000)
  eden space 241152K, 100% used [0x000000076ab00000,0x0000000779680000,0x0000000779680000)
  from space 48640K, 41% used [0x0000000779680000,0x000000077aa68c78,0x000000077c600000)
  to   space 73728K, 0% used [0x0000000781080000,0x0000000781080000,0x0000000785880000)
 ParOldGen       total 263168K, used 153564K [0x00000006c0000000, 0x00000006d0100000, 0x000000076ab00000)
  object space 263168K, 58% used [0x00000006c0000000,0x00000006c95f7290,0x00000006d0100000)
 Metaspace       used 6764K, capacity 7320K, committed 7680K, reserved 1056768K
  class space    used 646K, capacity 656K, committed 768K, reserved 1048576K
Event: 34.437 GC heap after
Heap after GC invocations=16 (full 4):
 PSYoungGen      total 331264K, used 37613K [0x000000076ab00000, 0x0000000784780000, 0x00000007c0000000)
  eden space 274944K, 0% used [0x000000076ab00000,0x000000076ab00000,0x000000077b780000)
  from space 56320K, 66% used [0x0000000781080000,0x000000078353b428,0x0000000784780000)
  to   space 73728K, 0% used [0x000000077b780000,0x000000077b780000,0x000000077ff80000)
 ParOldGen       total 263168K, used 174165K [0x00000006c0000000, 0x00000006d0100000, 0x000000076ab00000)
  object space 263168K, 66% used [0x00000006c0000000,0x00000006caa15580,0x00000006d0100000)
 Metaspace       used 6764K, capacity 7320K, committed 7680K, reserved 1056768K
  class space    used 646K, capacity 656K, committed 768K, reserved 1048576K
}
Event: 35.201 GC heap before
{Heap before GC invocations=17 (full 4):
 PSYoungGen      total 331264K, used 312557K [0x000000076ab00000, 0x0000000784780000, 0x00000007c0000000)
  eden space 274944K, 100% used [0x000000076ab00000,0x000000077b780000,0x000000077b780000)
  from space 56320K, 66% used [0x0000000781080000,0x000000078353b428,0x0000000784780000)
  to   space 73728K, 0% used [0x000000077b780000,0x000000077b780000,0x000000077ff80000)
 ParOldGen       total 263168K, used 174165K [0x00000006c0000000, 0x00000006d0100000, 0x000000076ab00000)
  object space 263168K, 66% used [0x00000006c0000000,0x00000006caa15580,0x00000006d0100000)
 Metaspace       used 6769K, capacity 7320K, committed 7680K, reserved 1056768K
  class space    used 646K, capacity 656K, committed 768K, reserved 1048576K
Event: 35.393 GC heap after
Heap after GC invocations=17 (full 4):
 PSYoungGen      total 348672K, used 73721K [0x000000076ab00000, 0x0000000789500000, 0x00000007c0000000)
  eden space 274944K, 0% used [0x000000076ab00000,0x000000076ab00000,0x000000077b780000)
  from space 73728K, 99% used [0x000000077b780000,0x000000077ff7e468,0x000000077ff80000)
  to   space 88064K, 0% used [0x0000000783f00000,0x0000000783f00000,0x0000000789500000)
 ParOldGen       total 263168K, used 179212K [0x00000006c0000000, 0x00000006d0100000, 0x000000076ab00000)
  object space 263168K, 68% used [0x00000006c0000000,0x00000006caf033f8,0x00000006d0100000)
 Metaspace       used 6769K, capacity 7320K, committed 7680K, reserved 1056768K
  class space    used 646K, capacity 656K, committed 768K, reserved 1048576K
}

