# JRE version: Java(TM) SE Runtime Environment (8.0_121-b13) (build 1.8.0_121-b13)
# Java VM: Java HotSpot(TM) 64-Bit Server VM (25.121-b13 mixed mode windows-amd64 compressed oops)
Heap:
 PSYoungGen      total 247808K, used 115446K [0x000000076ab00000, 0x0000000782280000, 0x00000007c0000000)
  eden space 211456K, 54% used [0x000000076ab00000,0x0000000771bbd898,0x0000000777980000)
  from space 36352K, 0% used [0x000000077ae00000,0x000000077ae00000,0x000000077d180000)
  to   space 53760K, 0% used [0x0000000777980000,0x0000000777980000,0x000000077ae00000)
 ParOldGen       total 81920K, used 81806K [0x00000006c0000000, 0x00000006c5000000, 0x000000076ab00000)
  object space 81920K, 99% used [0x00000006c0000000,0x00000006c4fe3a00,0x00000006c5000000)
 Metaspace       used 6749K, capacity 7320K, committed 7680K, reserved 1056768K
  class space    used 645K, capacity 656K, committed 768K, reserved 1048576K
GC Heap History (10 events):
Event: 19.367 GC heap before
{Heap before GC invocations=10 (full 1):
 PSYoungGen      total 194560K, used 194420K [0x000000076ab00000, 0x000000077cb00000, 0x00000007c0000000)
  eden space 173056K, 100% used [0x000000076ab00000,0x0000000775400000,0x0000000775400000)
  from space 21504K, 99% used [0x000000077b600000,0x000000077cadd0a8,0x000000077cb00000)
  to   space 29696K, 0% used [0x0000000779100000,0x0000000779100000,0x000000077ae00000)
 ParOldGen       total 81920K, used 42366K [0x00000006c0000000, 0x00000006c5000000, 0x000000076ab00000)
  object space 81920K, 51% used [0x00000006c0000000,0x00000006c295f950,0x00000006c5000000)
 Metaspace       used 6729K, capacity 7320K, committed 7680K, reserved 1056768K
  class space    used 644K, capacity 656K, committed 768K, reserved 1048576K
Event: 19.472 GC heap after
Heap after GC invocations=10 (full 1):
 PSYoungGen      total 247296K, used 29694K [0x000000076ab00000, 0x000000077d180000, 0x00000007c0000000)
  eden space 217600K, 0% used [0x000000076ab00000,0x000000076ab00000,0x0000000777f80000)
  from space 29696K, 99% used [0x0000000779100000,0x000000077adff980,0x000000077ae00000)
  to   space 36352K, 0% used [0x000000077ae00000,0x000000077ae00000,0x000000077d180000)
 ParOldGen       total 81920K, used 58411K [0x00000006c0000000, 0x00000006c5000000, 0x000000076ab00000)
  object space 81920K, 71% used [0x00000006c0000000,0x00000006c390aee8,0x00000006c5000000)
 Metaspace       used 6729K, capacity 7320K, committed 7680K, reserved 1056768K
  class space    used 644K, capacity 656K, committed 768K, reserved 1048576K
}
Event: 21.886 GC heap before
{Heap before GC invocations=11 (full 1):
 PSYoungGen      total 247296K, used 247294K [0x000000076ab00000, 0x000000077d180000, 0x00000007c0000000)
  eden space 217600K, 100% used [0x000000076ab00000,0x0000000777f80000,0x0000000777f80000)
  from space 29696K, 99% used [0x0000000779100000,0x000000077adff980,0x000000077ae00000)
  to   space 36352K, 0% used [0x000000077ae00000,0x000000077ae00000,0x000000077d180000)
 ParOldGen       total 81920K, used 58411K [0x00000006c0000000, 0x00000006c5000000, 0x000000076ab00000)
  object space 81920K, 71% used [0x00000006c0000000,0x00000006c390aee8,0x00000006c5000000)
 Metaspace       used 6740K, capacity 7320K, committed 7680K, reserved 1056768K
  class space    used 645K, capacity 656K, committed 768K, reserved 1048576K
Event: 22.079 GC heap after
Heap after GC invocations=11 (full 1):
 PSYoungGen      total 247808K, used 36339K [0x000000076ab00000, 0x0000000782280000, 0x00000007c0000000)
  eden space 211456K, 0% used [0x000000076ab00000,0x000000076ab00000,0x0000000777980000)
  from space 36352K, 99% used [0x000000077ae00000,0x000000077d17cf40,0x000000077d180000)
  to   space 53760K, 0% used [0x0000000777980000,0x0000000777980000,0x000000077ae00000)
 ParOldGen       total 81920K, used 76822K [0x00000006c0000000, 0x00000006c5000000, 0x000000076ab00000)
  object space 81920K, 93% used [0x00000006c0000000,0x00000006c4b05958,0x00000006c5000000)
 Metaspace       used 6740K, capacity 7320K, committed 7680K, reserved 1056768K
  class space    used 645K, capacity 656K, committed 768K, reserved 1048576K
}
Event: 22.079 GC heap before
{Heap before GC invocations=12 (full 2):
 PSYoungGen      total 247808K, used 36339K [0x000000076ab00000, 0x0000000782280000, 0x00000007c0000000)
  eden space 211456K, 0% used [0x000000076ab00000,0x000000076ab00000,0x0000000777980000)
  from space 36352K, 99% used [0x000000077ae00000,0x000000077d17cf40,0x000000077d180000)
  to   space 53760K, 0% used [0x0000000777980000,0x0000000777980000,0x000000077ae00000)
 ParOldGen       total 81920K, used 76822K [0x00000006c0000000, 0x00000006c5000000, 0x000000076ab00000)
  object space 81920K, 93% used [0x00000006c0000000,0x00000006c4b05958,0x00000006c5000000)
 Metaspace       used 6740K, capacity 7320K, committed 7680K, reserved 1056768K
  class space    used 645K, capacity 656K, committed 768K, reserved 1048576K
Event: 23.266 GC heap after
Heap after GC invocations=12 (full 2):
 PSYoungGen      total 247808K, used 26506K [0x000000076ab00000, 0x0000000782280000, 0x00000007c0000000)
  eden space 211456K, 0% used [0x000000076ab00000,0x000000076ab00000,0x0000000777980000)
  from space 36352K, 72% used [0x000000077ae00000,0x000000077c7e2aa8,0x000000077d180000)
  to   space 53760K, 0% used [0x0000000777980000,0x0000000777980000,0x000000077ae00000)
 ParOldGen       total 81920K, used 81518K [0x00000006c0000000, 0x00000006c5000000, 0x000000076ab00000)
  object space 81920K, 99% used [0x00000006c0000000,0x00000006c4f9bbb0,0x00000006c5000000)
 Metaspace       used 6740K, capacity 7320K, committed 7680K, reserved 1056768K
  class space    used 645K, capacity 656K, committed 768K, reserved 1048576K
}
Event: 26.921 GC heap before
{Heap before GC invocations=13 (full 3):
 PSYoungGen      total 247808K, used 237962K [0x000000076ab00000, 0x0000000782280000, 0x00000007c0000000)
  eden space 211456K, 100% used [0x000000076ab00000,0x0000000777980000,0x0000000777980000)
  from space 36352K, 72% used [0x000000077ae00000,0x000000077c7e2aa8,0x000000077d180000)
  to   space 53760K, 0% used [0x0000000777980000,0x0000000777980000,0x000000077ae00000)
 ParOldGen       total 81920K, used 81518K [0x00000006c0000000, 0x00000006c5000000, 0x000000076ab00000)
  object space 81920K, 99% used [0x00000006c0000000,0x00000006c4f9bbb0,0x00000006c5000000)
 Metaspace       used 6743K, capacity 7320K, committed 7680K, reserved 1056768K
  class space    used 645K, capacity 656K, committed 768K, reserved 1048576K
Event: 28.000 GC heap after
Heap after GC invocations=13 (full 3):
 PSYoungGen      total 247808K, used 57558K [0x000000076ab00000, 0x0000000782280000, 0x00000007c0000000)
  eden space 211456K, 27% used [0x000000076ab00000,0x000000076e335bd0,0x0000000777980000)
  from space 36352K, 0% used [0x000000077ae00000,0x000000077ae00000,0x000000077d180000)
  to   space 53760K, 0% used [0x0000000777980000,0x0000000777980000,0x000000077ae00000)
 ParOldGen       total 81920K, used 81917K [0x00000006c0000000, 0x00000006c5000000, 0x000000076ab00000)
  object space 81920K, 99% used [0x00000006c0000000,0x00000006c4fff428,0x00000006c5000000)
 Metaspace       used 6743K, capacity 7320K, committed 7680K, reserved 1056768K
  class space    used 645K, capacity 656K, committed 768K, reserved 1048576K
}
Event: 29.577 GC heap before
{Heap before GC invocations=14 (full 4):
 PSYoungGen      total 247808K, used 211456K [0x000000076ab00000, 0x0000000782280000, 0x00000007c0000000)
  eden space 211456K, 100% used [0x000000076ab00000,0x0000000777980000,0x0000000777980000)
  from space 36352K, 0% used [0x000000077ae00000,0x000000077ae00000,0x000000077d180000)
  to   space 53760K, 0% used [0x0000000777980000,0x0000000777980000,0x000000077ae00000)
 ParOldGen       total 81920K, used 81917K [0x00000006c0000000, 0x00000006c5000000, 0x000000076ab00000)
  object space 81920K, 99% used [0x00000006c0000000,0x00000006c4fff428,0x00000006c5000000)
 Metaspace       used 6748K, capacity 7320K, committed 7680K, reserved 1056768K
  class space    used 645K, capacity 656K, committed 768K, reserved 1048576K
Event: 30.644 GC heap after
Heap after GC invocations=14 (full 4):
 PSYoungGen      total 247808K, used 81950K [0x000000076ab00000, 0x0000000782280000, 0x00000007c0000000)
  eden space 211456K, 38% used [0x000000076ab00000,0x000000076fb07b08,0x0000000777980000)
  from space 36352K, 0% used [0x000000077ae00000,0x000000077ae00000,0x000000077d180000)
  to   space 53760K, 0% used [0x0000000777980000,0x0000000777980000,0x000000077ae00000)
 ParOldGen       total 81920K, used 81806K [0x00000006c0000000, 0x00000006c5000000, 0x000000076ab00000)
  object space 81920K, 99% used [0x00000006c0000000,0x00000006c4fe3a00,0x00000006c5000000)
 Metaspace       used 6748K, capacity 7320K, committed 7680K, reserved 1056768K
  class space    used 645K, capacity 656K, committed 768K, reserved 1048576K
}

