# JRE version: Java(TM) SE Runtime Environment (8.0_121-b13) (build 1.8.0_121-b13)
# Java VM: Java HotSpot(TM) 64-Bit Server VM (25.121-b13 mixed mode windows-amd64 compressed oops)
Heap:
 PSYoungGen      total 394240K, used 213784K [0x000000076ab00000, 0x000000078f380000, 0x00000007c0000000)
  eden space 295936K, 39% used [0x000000076ab00000,0x0000000771bcd438,0x000000077cc00000)
  from space 98304K, 99% used [0x000000077cc00000,0x0000000782bf8bd8,0x0000000782c00000)
  to   space 115712K, 0% used [0x0000000788280000,0x0000000788280000,0x000000078f380000)
 ParOldGen       total 289280K, used 186661K [0x00000006c0000000, 0x00000006d1a80000, 0x000000076ab00000)
  object space 289280K, 64% used [0x00000006c0000000,0x00000006cb649608,0x00000006d1a80000)
 Metaspace       used 6772K, capacity 7320K, committed 7680K, reserved 1056768K
  class space    used 646K, capacity 656K, committed 768K, reserved 1048576K
GC Heap History (10 events):
Event: 23.257 GC heap before
{Heap before GC invocations=14 (full 2):
 PSYoungGen      total 266240K, used 252426K [0x000000076ab00000, 0x0000000781500000, 0x00000007c0000000)
  eden space 214016K, 100% used [0x000000076ab00000,0x0000000777c00000,0x0000000777c00000)
  from space 52224K, 73% used [0x0000000777c00000,0x000000077a182bc0,0x000000077af00000)
  to   space 56320K, 0% used [0x000000077de00000,0x000000077de00000,0x0000000781500000)
 ParOldGen       total 166912K, used 99021K [0x00000006c0000000, 0x00000006ca300000, 0x000000076ab00000)
  object space 166912K, 59% used [0x00000006c0000000,0x00000006c60b3640,0x00000006ca300000)
 Metaspace       used 6742K, capacity 7320K, committed 7680K, reserved 1056768K
  class space    used 645K, capacity 656K, committed 768K, reserved 1048576K
Event: 23.814 GC heap after
Heap after GC invocations=14 (full 2):
 PSYoungGen      total 297984K, used 56297K [0x000000076ab00000, 0x0000000784000000, 0x00000007c0000000)
  eden space 241664K, 0% used [0x000000076ab00000,0x000000076ab00000,0x0000000779700000)
  from space 56320K, 99% used [0x000000077de00000,0x00000007814fa4e0,0x0000000781500000)
  to   space 72704K, 0% used [0x0000000779700000,0x0000000779700000,0x000000077de00000)
 ParOldGen       total 166912K, used 116189K [0x00000006c0000000, 0x00000006ca300000, 0x000000076ab00000)
  object space 166912K, 69% used [0x00000006c0000000,0x00000006c71775c8,0x00000006ca300000)
 Metaspace       used 6742K, capacity 7320K, committed 7680K, reserved 1056768K
  class space    used 645K, capacity 656K, committed 768K, reserved 1048576K
}
Event: 26.696 GC heap before
{Heap before GC invocations=15 (full 2):
 PSYoungGen      total 297984K, used 297961K [0x000000076ab00000, 0x0000000784000000, 0x00000007c0000000)
  eden space 241664K, 100% used [0x000000076ab00000,0x0000000779700000,0x0000000779700000)
  from space 56320K, 99% used [0x000000077de00000,0x00000007814fa4e0,0x0000000781500000)
  to   space 72704K, 0% used [0x0000000779700000,0x0000000779700000,0x000000077de00000)
 ParOldGen       total 166912K, used 116189K [0x00000006c0000000, 0x00000006ca300000, 0x000000076ab00000)
  object space 166912K, 69% used [0x00000006c0000000,0x00000006c71775c8,0x00000006ca300000)
 Metaspace       used 6758K, capacity 7320K, committed 7680K, reserved 1056768K
  class space    used 646K, capacity 656K, committed 768K, reserved 1048576K
Event: 26.899 GC heap after
Heap after GC invocations=15 (full 2):
 PSYoungGen      total 314368K, used 72678K [0x000000076ab00000, 0x0000000788680000, 0x00000007c0000000)
  eden space 241664K, 0% used [0x000000076ab00000,0x000000076ab00000,0x0000000779700000)
  from space 72704K, 99% used [0x0000000779700000,0x000000077ddf9a18,0x000000077de00000)
  to   space 92672K, 0% used [0x0000000782c00000,0x0000000782c00000,0x0000000788680000)
 ParOldGen       total 166912K, used 136794K [0x00000006c0000000, 0x00000006ca300000, 0x000000076ab00000)
  object space 166912K, 81% used [0x00000006c0000000,0x00000006c8596850,0x00000006ca300000)
 Metaspace       used 6758K, capacity 7320K, committed 7680K, reserved 1056768K
  class space    used 646K, capacity 656K, committed 768K, reserved 1048576K
}
Event: 29.190 GC heap before
{Heap before GC invocations=16 (full 2):
 PSYoungGen      total 314368K, used 314342K [0x000000076ab00000, 0x0000000788680000, 0x00000007c0000000)
  eden space 241664K, 100% used [0x000000076ab00000,0x0000000779700000,0x0000000779700000)
  from space 72704K, 99% used [0x0000000779700000,0x000000077ddf9a18,0x000000077de00000)
  to   space 92672K, 0% used [0x0000000782c00000,0x0000000782c00000,0x0000000788680000)
 ParOldGen       total 166912K, used 136794K [0x00000006c0000000, 0x00000006ca300000, 0x000000076ab00000)
  object space 166912K, 81% used [0x00000006c0000000,0x00000006c8596850,0x00000006ca300000)
 Metaspace       used 6763K, capacity 7320K, committed 7680K, reserved 1056768K
  class space    used 646K, capacity 656K, committed 768K, reserved 1048576K
Event: 29.493 GC heap after
Heap after GC invocations=16 (full 2):
 PSYoungGen      total 388608K, used 63445K [0x000000076ab00000, 0x0000000789480000, 0x00000007c0000000)
  eden space 295936K, 0% used [0x000000076ab00000,0x000000076ab00000,0x000000077cc00000)
  from space 92672K, 68% used [0x0000000782c00000,0x00000007869f57c0,0x0000000788680000)
  to   space 98304K, 0% used [0x000000077cc00000,0x000000077cc00000,0x0000000782c00000)
 ParOldGen       total 184832K, used 184386K [0x00000006c0000000, 0x00000006cb480000, 0x000000076ab00000)
  object space 184832K, 99% used [0x00000006c0000000,0x00000006cb410958,0x00000006cb480000)
 Metaspace       used 6763K, capacity 7320K, committed 7680K, reserved 1056768K
  class space    used 646K, capacity 656K, committed 768K, reserved 1048576K
}
Event: 29.493 GC heap before
{Heap before GC invocations=17 (full 3):
 PSYoungGen      total 388608K, used 63445K [0x000000076ab00000, 0x0000000789480000, 0x00000007c0000000)
  eden space 295936K, 0% used [0x000000076ab00000,0x000000076ab00000,0x000000077cc00000)
  from space 92672K, 68% used [0x0000000782c00000,0x00000007869f57c0,0x0000000788680000)
  to   space 98304K, 0% used [0x000000077cc00000,0x000000077cc00000,0x0000000782c00000)
 ParOldGen       total 184832K, used 184386K [0x00000006c0000000, 0x00000006cb480000, 0x000000076ab00000)
  object space 184832K, 99% used [0x00000006c0000000,0x00000006cb410958,0x00000006cb480000)
 Metaspace       used 6763K, capacity 7320K, committed 7680K, reserved 1056768K
  class space    used 646K, capacity 656K, committed 768K, reserved 1048576K
Event: 31.771 GC heap after
Heap after GC invocations=17 (full 3):
 PSYoungGen      total 388608K, used 58479K [0x000000076ab00000, 0x0000000789480000, 0x00000007c0000000)
  eden space 295936K, 0% used [0x000000076ab00000,0x000000076ab00000,0x000000077cc00000)
  from space 92672K, 63% used [0x0000000782c00000,0x000000078651bd90,0x0000000788680000)
  to   space 98304K, 0% used [0x000000077cc00000,0x000000077cc00000,0x0000000782c00000)
 ParOldGen       total 289280K, used 184675K [0x00000006c0000000, 0x00000006d1a80000, 0x000000076ab00000)
  object space 289280K, 63% used [0x00000006c0000000,0x00000006cb458ff8,0x00000006d1a80000)
 Metaspace       used 6763K, capacity 7320K, committed 7680K, reserved 1056768K
  class space    used 646K, capacity 656K, committed 768K, reserved 1048576K
}
Event: 32.856 GC heap before
{Heap before GC invocations=18 (full 3):
 PSYoungGen      total 388608K, used 354415K [0x000000076ab00000, 0x0000000789480000, 0x00000007c0000000)
  eden space 295936K, 100% used [0x000000076ab00000,0x000000077cc00000,0x000000077cc00000)
  from space 92672K, 63% used [0x0000000782c00000,0x000000078651bd90,0x0000000788680000)
  to   space 98304K, 0% used [0x000000077cc00000,0x000000077cc00000,0x0000000782c00000)
 ParOldGen       total 289280K, used 184675K [0x00000006c0000000, 0x00000006d1a80000, 0x000000076ab00000)
  object space 289280K, 63% used [0x00000006c0000000,0x00000006cb458ff8,0x00000006d1a80000)
 Metaspace       used 6769K, capacity 7320K, committed 7680K, reserved 1056768K
  class space    used 646K, capacity 656K, committed 768K, reserved 1048576K
Event: 33.122 GC heap after
Heap after GC invocations=18 (full 3):
 PSYoungGen      total 394240K, used 98274K [0x000000076ab00000, 0x000000078f380000, 0x00000007c0000000)
  eden space 295936K, 0% used [0x000000076ab00000,0x000000076ab00000,0x000000077cc00000)
  from space 98304K, 99% used [0x000000077cc00000,0x0000000782bf8bd8,0x0000000782c00000)
  to   space 115712K, 0% used [0x0000000788280000,0x0000000788280000,0x000000078f380000)
 ParOldGen       total 289280K, used 186661K [0x00000006c0000000, 0x00000006d1a80000, 0x000000076ab00000)
  object space 289280K, 64% used [0x00000006c0000000,0x00000006cb649608,0x00000006d1a80000)
 Metaspace       used 6769K, capacity 7320K, committed 7680K, reserved 1056768K
  class space    used 646K, capacity 656K, committed 768K, reserved 1048576K
}

